<?xml version="1.0" encoding="UTF-8"?>
<!-- Generated by org.testng.reporters.JUnitReportReporter -->
<testsuite hostname="DESKTOP-LOUJFRQ" failures="0" tests="2" name="com.herokuapp.theinternet.NegativeTest" time="41.488" errors="0" timestamp="2021-01-21T17:25:24 CST" skipped="0">
  <testcase classname="com.herokuapp.theinternet.NegativeTest" name="incorrectLoginTests" time="19.998"/>
  <system-out/>
  <testcase classname="com.herokuapp.theinternet.NegativeTest" name="incorrectLoginTests" time="21.490"/>
  <system-out/>
</testsuite> <!-- com.herokuapp.theinternet.NegativeTest -->
