<?xml version="1.0" encoding="UTF-8"?>
<!-- Generated by org.testng.reporters.JUnitReportReporter -->
<testsuite hostname="DESKTOP-LOUJFRQ" failures="0" tests="1" name="com.herokuapp.theinternet.LoginTests" time="411.956" errors="0" timestamp="2021-01-29T16:21:59 CST" skipped="0">
  <testcase classname="com.herokuapp.theinternet.LoginTests" name="PositiveLoginTest" time="411.956"/>
  <system-out/>
</testsuite> <!-- com.herokuapp.theinternet.LoginTests -->
