<?xml version="1.0" encoding="UTF-8"?>
<!-- Generated by org.testng.reporters.JUnitReportReporter -->
<testsuite hostname="DESKTOP-LOUJFRQ" failures="0" tests="1" name="com.herokuapp.theinternet.ExceptionsTests" time="21.165" errors="0" timestamp="2021-01-30T22:06:35 CST" skipped="0">
  <testcase classname="com.herokuapp.theinternet.ExceptionsTests" name="disabledElementTest" time="21.165"/>
  <system-out/>
</testsuite> <!-- com.herokuapp.theinternet.ExceptionsTests -->
