<?xml version="1.0" encoding="UTF-8"?>
<!-- Generated by org.testng.reporters.JUnitReportReporter -->
<testsuite hostname="DESKTOP-LOUJFRQ" failures="0" tests="1" name="com.herokuapp.theinternet.FirstTest" time="27.080" errors="0" timestamp="2021-01-19T19:02:08 CST" skipped="0">
  <testcase classname="com.herokuapp.theinternet.FirstTest" name="loginTest" time="27.080"/>
  <system-out/>
</testsuite> <!-- com.herokuapp.theinternet.FirstTest -->
